This file contains any messages produced by compilers while
running configure, to aid debugging if configure makes a mistake.

It was created by tpm-tools configure 1.3.9, which was
generated by GNU Autoconf 2.69.  Invocation command line was

  $ ./configure 

## --------- ##
## Platform. ##
## --------- ##

hostname = jl-localdomain
uname -m = x86_64
uname -r = 3.10.0-693.el7.x86_64
uname -s = Linux
uname -v = #1 SMP Tue Aug 22 21:09:27 UTC 2017

/usr/bin/uname -p = x86_64
/bin/uname -X     = unknown

/bin/arch              = x86_64
/usr/bin/arch -k       = unknown
/usr/convex/getsysinfo = unknown
/usr/bin/hostinfo      = unknown
/bin/machine           = unknown
/usr/bin/oslevel       = unknown
/bin/universe          = unknown

PATH: /usr/local/bin
PATH: /usr/local/sbin
PATH: /usr/bin
PATH: /usr/sbin
PATH: /bin
PATH: /sbin
PATH: /home/jl/Qt5.9.2/5.9.2/gcc_64/bin
PATH: /home/jl/Qt5.9.2/Tools/QtCreator/bin


## ----------- ##
## Core tests. ##
## ----------- ##

configure:2478: checking build system type
configure:2492: result: x86_64-unknown-linux-gnu
configure:2512: checking host system type
configure:2525: result: x86_64-unknown-linux-gnu
configure:2545: checking target system type
configure:2558: result: x86_64-unknown-linux-gnu
configure:2600: checking for a BSD-compatible install
configure:2668: result: /usr/bin/install -c
configure:2679: checking whether build environment is sane
configure:2734: result: yes
configure:2772: WARNING: 'missing' script is too old or missing
configure:2885: checking for a thread-safe mkdir -p
configure:2924: result: /usr/bin/mkdir -p
configure:2931: checking for gawk
configure:2947: found /usr/bin/gawk
configure:2958: result: gawk
configure:2969: checking whether make sets $(MAKE)
configure:2991: result: yes
configure:3020: checking whether make supports nested variables
configure:3037: result: yes
configure:3124: checking for debug-enabled build
configure:3139: result: no
configure:3205: checking for gcc
configure:3221: found /usr/bin/gcc
configure:3232: result: gcc
configure:3461: checking for C compiler version
configure:3470: gcc --version >&5
gcc (GCC) 4.8.5 20150623 (Red Hat 4.8.5-28)
Copyright (C) 2015 Free Software Foundation, Inc.
This is free software; see the source for copying conditions.  There is NO
warranty; not even for MERCHANTABILITY or FITNESS FOR A PARTICULAR PURPOSE.

configure:3481: $? = 0
configure:3470: gcc -v >&5
Using built-in specs.
COLLECT_GCC=gcc
COLLECT_LTO_WRAPPER=/usr/libexec/gcc/x86_64-redhat-linux/4.8.5/lto-wrapper
Target: x86_64-redhat-linux
Configured with: ../configure --prefix=/usr --mandir=/usr/share/man --infodir=/usr/share/info --with-bugurl=http://bugzilla.redhat.com/bugzilla --enable-bootstrap --enable-shared --enable-threads=posix --enable-checking=release --with-system-zlib --enable-__cxa_atexit --disable-libunwind-exceptions --enable-gnu-unique-object --enable-linker-build-id --with-linker-hash-style=gnu --enable-languages=c,c++,objc,obj-c++,java,fortran,ada,go,lto --enable-plugin --enable-initfini-array --disable-libgcj --with-isl=/builddir/build/BUILD/gcc-4.8.5-20150702/obj-x86_64-redhat-linux/isl-install --with-cloog=/builddir/build/BUILD/gcc-4.8.5-20150702/obj-x86_64-redhat-linux/cloog-install --enable-gnu-indirect-function --with-tune=generic --with-arch_32=x86-64 --build=x86_64-redhat-linux
Thread model: posix
gcc version 4.8.5 20150623 (Red Hat 4.8.5-28) (GCC) 
configure:3481: $? = 0
configure:3470: gcc -V >&5
gcc: error: unrecognized command line option '-V'
gcc: fatal error: no input files
compilation terminated.
configure:3481: $? = 4
configure:3470: gcc -qversion >&5
gcc: error: unrecognized command line option '-qversion'
gcc: fatal error: no input files
compilation terminated.
configure:3481: $? = 4
configure:3501: checking whether the C compiler works
configure:3523: gcc -g -O2   conftest.c  >&5
configure:3527: $? = 0
configure:3575: result: yes
configure:3578: checking for C compiler default output file name
configure:3580: result: a.out
configure:3586: checking for suffix of executables
configure:3593: gcc -o conftest -g -O2   conftest.c  >&5
configure:3597: $? = 0
configure:3619: result: 
configure:3641: checking whether we are cross compiling
configure:3649: gcc -o conftest -g -O2   conftest.c  >&5
configure:3653: $? = 0
configure:3660: ./conftest
configure:3664: $? = 0
configure:3679: result: no
configure:3684: checking for suffix of object files
configure:3706: gcc -c -g -O2  conftest.c >&5
configure:3710: $? = 0
configure:3731: result: o
configure:3735: checking whether we are using the GNU C compiler
configure:3754: gcc -c -g -O2  conftest.c >&5
configure:3754: $? = 0
configure:3763: result: yes
configure:3772: checking whether gcc accepts -g
configure:3792: gcc -c -g  conftest.c >&5
configure:3792: $? = 0
configure:3833: result: yes
configure:3850: checking for gcc option to accept ISO C89
configure:3913: gcc  -c -g -O2  conftest.c >&5
configure:3913: $? = 0
configure:3926: result: none needed
configure:3957: checking for style of include used by make
configure:3985: result: GNU
configure:4011: checking dependency style of gcc
configure:4122: result: gcc3
configure:4163: checking for a sed that does not truncate output
configure:4227: result: /usr/bin/sed
configure:4245: checking for grep that handles long lines and -e
configure:4303: result: /usr/bin/grep
configure:4308: checking for egrep
configure:4370: result: /usr/bin/grep -E
configure:4375: checking for fgrep
configure:4437: result: /usr/bin/grep -F
configure:4472: checking for ld used by gcc
configure:4539: result: /usr/bin/ld
configure:4546: checking if the linker (/usr/bin/ld) is GNU ld
configure:4561: result: yes
configure:4573: checking for BSD- or MS-compatible name lister (nm)
configure:4622: result: /usr/bin/nm -B
configure:4740: checking the name lister (/usr/bin/nm -B) interface
configure:4747: gcc -c -g -O2  conftest.c >&5
configure:4750: /usr/bin/nm -B "conftest.o"
configure:4753: output
0000000000000000 B some_variable
configure:4760: result: BSD nm
configure:4763: checking whether ln -s works
configure:4767: result: yes
configure:4775: checking the maximum length of command line arguments
configure:4895: result: 1572864
configure:4912: checking whether the shell understands some XSI constructs
configure:4922: result: yes
configure:4926: checking whether the shell understands "+="
configure:4932: result: yes
configure:4967: checking for /usr/bin/ld option to reload object files
configure:4974: result: -r
configure:5043: checking for objdump
configure:5059: found /usr/bin/objdump
configure:5070: result: objdump
configure:5102: checking how to recognize dependent libraries
configure:5298: result: pass_all
configure:5358: checking for ar
configure:5374: found /usr/bin/ar
configure:5385: result: ar
configure:5463: checking for strip
configure:5479: found /usr/bin/strip
configure:5490: result: strip
configure:5562: checking for ranlib
configure:5578: found /usr/bin/ranlib
configure:5589: result: ranlib
configure:5679: checking command to parse /usr/bin/nm -B output from gcc object
configure:5797: gcc -c -g -O2  conftest.c >&5
configure:5800: $? = 0
configure:5804: /usr/bin/nm -B conftest.o \| sed -n -e 's/^.*[	 ]\([ABCDGIRSTW][ABCDGIRSTW]*\)[	 ][	 ]*\([_A-Za-z][_A-Za-z0-9]*\)$/\1 \2 \2/p' \> conftest.nm
configure:5807: $? = 0
configure:5861: gcc -o conftest -g -O2   conftest.c conftstm.o >&5
configure:5864: $? = 0
configure:5902: result: ok
configure:5998: gcc -c -g -O2  conftest.c >&5
configure:6001: $? = 0
configure:6711: checking how to run the C preprocessor
configure:6742: gcc -E  conftest.c
configure:6742: $? = 0
configure:6756: gcc -E  conftest.c
conftest.c:11:28: fatal error: ac_nonexistent.h: No such file or directory
 #include <ac_nonexistent.h>
                            ^
compilation terminated.
configure:6756: $? = 1
configure: failed program was:
| /* confdefs.h */
| #define PACKAGE_NAME "tpm-tools"
| #define PACKAGE_TARNAME "tpm-tools"
| #define PACKAGE_VERSION "1.3.9"
| #define PACKAGE_STRING "tpm-tools 1.3.9"
| #define PACKAGE_BUGREPORT "trousers-tech@lists.sf.net"
| #define PACKAGE_URL ""
| #define PACKAGE "tpm-tools"
| #define VERSION "1.3.9"
| /* end confdefs.h.  */
| #include <ac_nonexistent.h>
configure:6781: result: gcc -E
configure:6801: gcc -E  conftest.c
configure:6801: $? = 0
configure:6815: gcc -E  conftest.c
conftest.c:11:28: fatal error: ac_nonexistent.h: No such file or directory
 #include <ac_nonexistent.h>
                            ^
compilation terminated.
configure:6815: $? = 1
configure: failed program was:
| /* confdefs.h */
| #define PACKAGE_NAME "tpm-tools"
| #define PACKAGE_TARNAME "tpm-tools"
| #define PACKAGE_VERSION "1.3.9"
| #define PACKAGE_STRING "tpm-tools 1.3.9"
| #define PACKAGE_BUGREPORT "trousers-tech@lists.sf.net"
| #define PACKAGE_URL ""
| #define PACKAGE "tpm-tools"
| #define VERSION "1.3.9"
| /* end confdefs.h.  */
| #include <ac_nonexistent.h>
configure:6844: checking for ANSI C header files
configure:6864: gcc -c -g -O2  conftest.c >&5
configure:6864: $? = 0
configure:6937: gcc -o conftest -g -O2   conftest.c  >&5
configure:6937: $? = 0
configure:6937: ./conftest
configure:6937: $? = 0
configure:6948: result: yes
configure:6961: checking for sys/types.h
configure:6961: gcc -c -g -O2  conftest.c >&5
configure:6961: $? = 0
configure:6961: result: yes
configure:6961: checking for sys/stat.h
configure:6961: gcc -c -g -O2  conftest.c >&5
configure:6961: $? = 0
configure:6961: result: yes
configure:6961: checking for stdlib.h
configure:6961: gcc -c -g -O2  conftest.c >&5
configure:6961: $? = 0
configure:6961: result: yes
configure:6961: checking for string.h
configure:6961: gcc -c -g -O2  conftest.c >&5
configure:6961: $? = 0
configure:6961: result: yes
configure:6961: checking for memory.h
configure:6961: gcc -c -g -O2  conftest.c >&5
configure:6961: $? = 0
configure:6961: result: yes
configure:6961: checking for strings.h
configure:6961: gcc -c -g -O2  conftest.c >&5
configure:6961: $? = 0
configure:6961: result: yes
configure:6961: checking for inttypes.h
configure:6961: gcc -c -g -O2  conftest.c >&5
configure:6961: $? = 0
configure:6961: result: yes
configure:6961: checking for stdint.h
configure:6961: gcc -c -g -O2  conftest.c >&5
configure:6961: $? = 0
configure:6961: result: yes
configure:6961: checking for unistd.h
configure:6961: gcc -c -g -O2  conftest.c >&5
configure:6961: $? = 0
configure:6961: result: yes
configure:6975: checking for dlfcn.h
configure:6975: gcc -c -g -O2  conftest.c >&5
configure:6975: $? = 0
configure:6975: result: yes
configure:7159: checking for objdir
configure:7174: result: .libs
configure:7470: checking if gcc supports -fno-rtti -fno-exceptions
configure:7488: gcc -c -g -O2  -fno-rtti -fno-exceptions conftest.c >&5
cc1: warning: command line option '-fno-rtti' is valid for C++/ObjC++ but not for C [enabled by default]
configure:7492: $? = 0
configure:7505: result: no
configure:7525: checking for gcc option to produce PIC
configure:7797: result: -fPIC -DPIC
configure:7809: checking if gcc PIC flag -fPIC -DPIC works
configure:7827: gcc -c -g -O2  -fPIC -DPIC -DPIC conftest.c >&5
configure:7831: $? = 0
configure:7844: result: yes
configure:7868: checking if gcc static flag -static works
configure:7896: result: yes
configure:7911: checking if gcc supports -c -o file.o
configure:7932: gcc -c -g -O2  -o out/conftest2.o conftest.c >&5
configure:7936: $? = 0
configure:7958: result: yes
configure:7966: checking if gcc supports -c -o file.o
configure:8013: result: yes
configure:8046: checking whether the gcc linker (/usr/bin/ld -m elf_x86_64) supports shared libraries
configure:9032: result: yes
configure:9069: checking whether -lc should be explicitly linked in
configure:9074: gcc -c -g -O2  conftest.c >&5
configure:9077: $? = 0
configure:9092: gcc -shared conftest.o  -v -Wl,-soname -Wl,conftest -o conftest 2\>\&1 \| /usr/bin/grep  -lc  \>/dev/null 2\>\&1
configure:9095: $? = 0
configure:9107: result: no
configure:9271: checking dynamic linker characteristics
configure:9704: gcc -o conftest -g -O2   -Wl,-rpath -Wl,/foo conftest.c  >&5
configure:9704: $? = 0
configure:9925: result: GNU/Linux ld.so
configure:10027: checking how to hardcode library paths into programs
configure:10052: result: immediate
configure:10572: checking whether stripping libraries is possible
configure:10577: result: yes
configure:10612: checking if libtool supports shared libraries
configure:10614: result: yes
configure:10617: checking whether to build shared libraries
configure:10638: result: yes
configure:10641: checking whether to build static libraries
configure:10645: result: yes
configure:10685: checking for cp
configure:10701: found /usr/bin/cp
configure:10712: result: cp
configure:10727: checking for echo
configure:10754: result: echo
configure:10769: checking for mkdir
configure:10785: found /usr/bin/mkdir
configure:10796: result: mkdir
configure:10811: checking for rm
configure:10838: result: rm -f
configure:10859: checking whether NLS is requested
configure:10868: result: yes
configure:10906: checking for msgfmt
configure: trying /usr/bin/msgfmt...
0 translated messages.
configure:10938: result: /usr/bin/msgfmt
configure:10947: checking for gmsgfmt
configure:10978: result: /usr/bin/msgfmt
configure:11029: checking for xgettext
configure: trying /usr/bin/xgettext...
/usr/bin/xgettext: warning: file '/dev/null' extension '' is unknown; will try C
configure:11061: result: /usr/bin/xgettext
configure:11107: checking for msgmerge
configure: trying /usr/bin/msgmerge...
configure:11138: result: /usr/bin/msgmerge
configure:11192: checking for ld used by GCC
configure:11256: result: /usr/bin/ld -m elf_x86_64
configure:11263: checking if the linker (/usr/bin/ld -m elf_x86_64) is GNU ld
configure:11276: result: yes
configure:11283: checking for shared library run path origin
configure:11296: result: done
configure:11732: checking for CFPreferencesCopyAppValue
configure:11750: gcc -o conftest -g -O2   conftest.c  -Wl,-framework -Wl,CoreFoundation >&5
conftest.c:23:42: fatal error: CoreFoundation/CFPreferences.h: No such file or directory
 #include <CoreFoundation/CFPreferences.h>
                                          ^
compilation terminated.
configure:11750: $? = 1
configure: failed program was:
| /* confdefs.h */
| #define PACKAGE_NAME "tpm-tools"
| #define PACKAGE_TARNAME "tpm-tools"
| #define PACKAGE_VERSION "1.3.9"
| #define PACKAGE_STRING "tpm-tools 1.3.9"
| #define PACKAGE_BUGREPORT "trousers-tech@lists.sf.net"
| #define PACKAGE_URL ""
| #define PACKAGE "tpm-tools"
| #define VERSION "1.3.9"
| #define STDC_HEADERS 1
| #define HAVE_SYS_TYPES_H 1
| #define HAVE_SYS_STAT_H 1
| #define HAVE_STDLIB_H 1
| #define HAVE_STRING_H 1
| #define HAVE_MEMORY_H 1
| #define HAVE_STRINGS_H 1
| #define HAVE_INTTYPES_H 1
| #define HAVE_STDINT_H 1
| #define HAVE_UNISTD_H 1
| #define HAVE_DLFCN_H 1
| #define LT_OBJDIR ".libs/"
| /* end confdefs.h.  */
| #include <CoreFoundation/CFPreferences.h>
| int
| main ()
| {
| CFPreferencesCopyAppValue(NULL, NULL)
|   ;
|   return 0;
| }
configure:11759: result: no
configure:11766: checking for CFLocaleCopyCurrent
configure:11784: gcc -o conftest -g -O2   conftest.c  -Wl,-framework -Wl,CoreFoundation >&5
conftest.c:23:37: fatal error: CoreFoundation/CFLocale.h: No such file or directory
 #include <CoreFoundation/CFLocale.h>
                                     ^
compilation terminated.
configure:11784: $? = 1
configure: failed program was:
| /* confdefs.h */
| #define PACKAGE_NAME "tpm-tools"
| #define PACKAGE_TARNAME "tpm-tools"
| #define PACKAGE_VERSION "1.3.9"
| #define PACKAGE_STRING "tpm-tools 1.3.9"
| #define PACKAGE_BUGREPORT "trousers-tech@lists.sf.net"
| #define PACKAGE_URL ""
| #define PACKAGE "tpm-tools"
| #define VERSION "1.3.9"
| #define STDC_HEADERS 1
| #define HAVE_SYS_TYPES_H 1
| #define HAVE_SYS_STAT_H 1
| #define HAVE_STDLIB_H 1
| #define HAVE_STRING_H 1
| #define HAVE_MEMORY_H 1
| #define HAVE_STRINGS_H 1
| #define HAVE_INTTYPES_H 1
| #define HAVE_STDINT_H 1
| #define HAVE_UNISTD_H 1
| #define HAVE_DLFCN_H 1
| #define LT_OBJDIR ".libs/"
| /* end confdefs.h.  */
| #include <CoreFoundation/CFLocale.h>
| int
| main ()
| {
| CFLocaleCopyCurrent();
|   ;
|   return 0;
| }
configure:11793: result: no
configure:11822: checking for GNU gettext in libc
configure:11841: gcc -o conftest -g -O2   conftest.c  >&5
configure:11841: $? = 0
configure:11849: result: yes
configure:12438: checking whether to use NLS
configure:12440: result: yes
configure:12443: checking where the gettext function comes from
configure:12454: result: libc
configure:12524: checking Non-standard OpenSSL location
configure:12540: result: no
configure:12546: checking for Tspi_Context_Create in -ltspi
configure:12571: gcc -o conftest -g -O2 -m64   conftest.c -ltspi   >&5
configure:12571: $? = 0
configure:12580: result: yes
configure:12588: checking for Tspi_TCM_SetOperatorAuth in -ltspi
configure:12613: gcc -o conftest -g -O2 -m64   conftest.c -ltspi   >&5
configure:12613: $? = 0
configure:12622: result: yes
configure:12639: Configuring tpm-tools for TSM 1.2
configure:12653: checking trousers/tss.h usability
configure:12653: gcc -c -g -O2 -m64  conftest.c >&5
configure:12653: $? = 0
configure:12653: result: yes
configure:12653: checking trousers/tss.h presence
configure:12653: gcc -E  conftest.c
configure:12653: $? = 0
configure:12653: result: yes
configure:12653: checking for trousers/tss.h
configure:12653: result: yes
configure:12662: checking for PEM_read_X509 in -lcrypto
configure:12687: gcc -o conftest -g -O2 -m64   conftest.c -lcrypto   >&5
configure:12687: $? = 0
configure:12696: result: yes
configure:12704: checking openssl/evp.h usability
configure:12704: gcc -c -g -O2 -m64  conftest.c >&5
configure:12704: $? = 0
configure:12704: result: yes
configure:12704: checking openssl/evp.h presence
configure:12704: gcc -E  conftest.c
configure:12704: $? = 0
configure:12704: result: yes
configure:12704: checking for openssl/evp.h
configure:12704: result: yes
configure:12723: checking opencryptoki/pkcs11.h usability
configure:12723: gcc -c -g -O2 -m64  conftest.c >&5
configure:12723: $? = 0
configure:12723: result: yes
configure:12723: checking opencryptoki/pkcs11.h presence
configure:12723: gcc -E  conftest.c
configure:12723: $? = 0
configure:12723: result: yes
configure:12723: checking for opencryptoki/pkcs11.h
configure:12723: result: yes
configure:12744: checking for ANSI C header files
configure:12848: result: yes
configure:12857: checking for an ANSI C-conforming const
configure:12923: gcc -c -g -O2 -m64  conftest.c >&5
configure:12923: $? = 0
configure:12930: result: yes
configure:12938: checking for inline
configure:12954: gcc -c -g -O2 -m64  conftest.c >&5
configure:12954: $? = 0
configure:12962: result: inline
configure:12981: checking for long file names
configure:13013: result: yes
configure:13022: checking for mode_t
configure:13022: gcc -c -g -O2 -m64  conftest.c >&5
configure:13022: $? = 0
configure:13022: gcc -c -g -O2 -m64  conftest.c >&5
conftest.c: In function 'main':
conftest.c:64:21: error: expected expression before ')' token
 if (sizeof ((mode_t)))
                     ^
configure:13022: $? = 1
configure: failed program was:
| /* confdefs.h */
| #define PACKAGE_NAME "tpm-tools"
| #define PACKAGE_TARNAME "tpm-tools"
| #define PACKAGE_VERSION "1.3.9"
| #define PACKAGE_STRING "tpm-tools 1.3.9"
| #define PACKAGE_BUGREPORT "trousers-tech@lists.sf.net"
| #define PACKAGE_URL ""
| #define PACKAGE "tpm-tools"
| #define VERSION "1.3.9"
| #define STDC_HEADERS 1
| #define HAVE_SYS_TYPES_H 1
| #define HAVE_SYS_STAT_H 1
| #define HAVE_STDLIB_H 1
| #define HAVE_STRING_H 1
| #define HAVE_MEMORY_H 1
| #define HAVE_STRINGS_H 1
| #define HAVE_INTTYPES_H 1
| #define HAVE_STDINT_H 1
| #define HAVE_UNISTD_H 1
| #define HAVE_DLFCN_H 1
| #define LT_OBJDIR ".libs/"
| #define ENABLE_NLS 1
| #define HAVE_GETTEXT 1
| #define HAVE_DCGETTEXT 1
| #define STDC_HEADERS 1
| #define HAVE_LONG_FILE_NAMES 1
| /* end confdefs.h.  */
| #include <stdio.h>
| #ifdef HAVE_SYS_TYPES_H
| # include <sys/types.h>
| #endif
| #ifdef HAVE_SYS_STAT_H
| # include <sys/stat.h>
| #endif
| #ifdef STDC_HEADERS
| # include <stdlib.h>
| # include <stddef.h>
| #else
| # ifdef HAVE_STDLIB_H
| #  include <stdlib.h>
| # endif
| #endif
| #ifdef HAVE_STRING_H
| # if !defined STDC_HEADERS && defined HAVE_MEMORY_H
| #  include <memory.h>
| # endif
| # include <string.h>
| #endif
| #ifdef HAVE_STRINGS_H
| # include <strings.h>
| #endif
| #ifdef HAVE_INTTYPES_H
| # include <inttypes.h>
| #endif
| #ifdef HAVE_STDINT_H
| # include <stdint.h>
| #endif
| #ifdef HAVE_UNISTD_H
| # include <unistd.h>
| #endif
| int
| main ()
| {
| if (sizeof ((mode_t)))
| 	    return 0;
|   ;
|   return 0;
| }
configure:13022: result: yes
configure:13033: checking for off_t
configure:13033: gcc -c -g -O2 -m64  conftest.c >&5
configure:13033: $? = 0
configure:13033: gcc -c -g -O2 -m64  conftest.c >&5
conftest.c: In function 'main':
conftest.c:64:20: error: expected expression before ')' token
 if (sizeof ((off_t)))
                    ^
configure:13033: $? = 1
configure: failed program was:
| /* confdefs.h */
| #define PACKAGE_NAME "tpm-tools"
| #define PACKAGE_TARNAME "tpm-tools"
| #define PACKAGE_VERSION "1.3.9"
| #define PACKAGE_STRING "tpm-tools 1.3.9"
| #define PACKAGE_BUGREPORT "trousers-tech@lists.sf.net"
| #define PACKAGE_URL ""
| #define PACKAGE "tpm-tools"
| #define VERSION "1.3.9"
| #define STDC_HEADERS 1
| #define HAVE_SYS_TYPES_H 1
| #define HAVE_SYS_STAT_H 1
| #define HAVE_STDLIB_H 1
| #define HAVE_STRING_H 1
| #define HAVE_MEMORY_H 1
| #define HAVE_STRINGS_H 1
| #define HAVE_INTTYPES_H 1
| #define HAVE_STDINT_H 1
| #define HAVE_UNISTD_H 1
| #define HAVE_DLFCN_H 1
| #define LT_OBJDIR ".libs/"
| #define ENABLE_NLS 1
| #define HAVE_GETTEXT 1
| #define HAVE_DCGETTEXT 1
| #define STDC_HEADERS 1
| #define HAVE_LONG_FILE_NAMES 1
| /* end confdefs.h.  */
| #include <stdio.h>
| #ifdef HAVE_SYS_TYPES_H
| # include <sys/types.h>
| #endif
| #ifdef HAVE_SYS_STAT_H
| # include <sys/stat.h>
| #endif
| #ifdef STDC_HEADERS
| # include <stdlib.h>
| # include <stddef.h>
| #else
| # ifdef HAVE_STDLIB_H
| #  include <stdlib.h>
| # endif
| #endif
| #ifdef HAVE_STRING_H
| # if !defined STDC_HEADERS && defined HAVE_MEMORY_H
| #  include <memory.h>
| # endif
| # include <string.h>
| #endif
| #ifdef HAVE_STRINGS_H
| # include <strings.h>
| #endif
| #ifdef HAVE_INTTYPES_H
| # include <inttypes.h>
| #endif
| #ifdef HAVE_STDINT_H
| # include <stdint.h>
| #endif
| #ifdef HAVE_UNISTD_H
| # include <unistd.h>
| #endif
| int
| main ()
| {
| if (sizeof ((off_t)))
| 	    return 0;
|   ;
|   return 0;
| }
configure:13033: result: yes
configure:13044: checking for pid_t
configure:13044: gcc -c -g -O2 -m64  conftest.c >&5
configure:13044: $? = 0
configure:13044: gcc -c -g -O2 -m64  conftest.c >&5
conftest.c: In function 'main':
conftest.c:64:20: error: expected expression before ')' token
 if (sizeof ((pid_t)))
                    ^
configure:13044: $? = 1
configure: failed program was:
| /* confdefs.h */
| #define PACKAGE_NAME "tpm-tools"
| #define PACKAGE_TARNAME "tpm-tools"
| #define PACKAGE_VERSION "1.3.9"
| #define PACKAGE_STRING "tpm-tools 1.3.9"
| #define PACKAGE_BUGREPORT "trousers-tech@lists.sf.net"
| #define PACKAGE_URL ""
| #define PACKAGE "tpm-tools"
| #define VERSION "1.3.9"
| #define STDC_HEADERS 1
| #define HAVE_SYS_TYPES_H 1
| #define HAVE_SYS_STAT_H 1
| #define HAVE_STDLIB_H 1
| #define HAVE_STRING_H 1
| #define HAVE_MEMORY_H 1
| #define HAVE_STRINGS_H 1
| #define HAVE_INTTYPES_H 1
| #define HAVE_STDINT_H 1
| #define HAVE_UNISTD_H 1
| #define HAVE_DLFCN_H 1
| #define LT_OBJDIR ".libs/"
| #define ENABLE_NLS 1
| #define HAVE_GETTEXT 1
| #define HAVE_DCGETTEXT 1
| #define STDC_HEADERS 1
| #define HAVE_LONG_FILE_NAMES 1
| /* end confdefs.h.  */
| #include <stdio.h>
| #ifdef HAVE_SYS_TYPES_H
| # include <sys/types.h>
| #endif
| #ifdef HAVE_SYS_STAT_H
| # include <sys/stat.h>
| #endif
| #ifdef STDC_HEADERS
| # include <stdlib.h>
| # include <stddef.h>
| #else
| # ifdef HAVE_STDLIB_H
| #  include <stdlib.h>
| # endif
| #endif
| #ifdef HAVE_STRING_H
| # if !defined STDC_HEADERS && defined HAVE_MEMORY_H
| #  include <memory.h>
| # endif
| # include <string.h>
| #endif
| #ifdef HAVE_STRINGS_H
| # include <strings.h>
| #endif
| #ifdef HAVE_INTTYPES_H
| # include <inttypes.h>
| #endif
| #ifdef HAVE_STDINT_H
| # include <stdint.h>
| #endif
| #ifdef HAVE_UNISTD_H
| # include <unistd.h>
| #endif
| int
| main ()
| {
| if (sizeof ((pid_t)))
| 	    return 0;
|   ;
|   return 0;
| }
configure:13044: result: yes
configure:13055: checking for size_t
configure:13055: gcc -c -g -O2 -m64  conftest.c >&5
configure:13055: $? = 0
configure:13055: gcc -c -g -O2 -m64  conftest.c >&5
conftest.c: In function 'main':
conftest.c:64:21: error: expected expression before ')' token
 if (sizeof ((size_t)))
                     ^
configure:13055: $? = 1
configure: failed program was:
| /* confdefs.h */
| #define PACKAGE_NAME "tpm-tools"
| #define PACKAGE_TARNAME "tpm-tools"
| #define PACKAGE_VERSION "1.3.9"
| #define PACKAGE_STRING "tpm-tools 1.3.9"
| #define PACKAGE_BUGREPORT "trousers-tech@lists.sf.net"
| #define PACKAGE_URL ""
| #define PACKAGE "tpm-tools"
| #define VERSION "1.3.9"
| #define STDC_HEADERS 1
| #define HAVE_SYS_TYPES_H 1
| #define HAVE_SYS_STAT_H 1
| #define HAVE_STDLIB_H 1
| #define HAVE_STRING_H 1
| #define HAVE_MEMORY_H 1
| #define HAVE_STRINGS_H 1
| #define HAVE_INTTYPES_H 1
| #define HAVE_STDINT_H 1
| #define HAVE_UNISTD_H 1
| #define HAVE_DLFCN_H 1
| #define LT_OBJDIR ".libs/"
| #define ENABLE_NLS 1
| #define HAVE_GETTEXT 1
| #define HAVE_DCGETTEXT 1
| #define STDC_HEADERS 1
| #define HAVE_LONG_FILE_NAMES 1
| /* end confdefs.h.  */
| #include <stdio.h>
| #ifdef HAVE_SYS_TYPES_H
| # include <sys/types.h>
| #endif
| #ifdef HAVE_SYS_STAT_H
| # include <sys/stat.h>
| #endif
| #ifdef STDC_HEADERS
| # include <stdlib.h>
| # include <stddef.h>
| #else
| # ifdef HAVE_STDLIB_H
| #  include <stdlib.h>
| # endif
| #endif
| #ifdef HAVE_STRING_H
| # if !defined STDC_HEADERS && defined HAVE_MEMORY_H
| #  include <memory.h>
| # endif
| # include <string.h>
| #endif
| #ifdef HAVE_STRINGS_H
| # include <strings.h>
| #endif
| #ifdef HAVE_INTTYPES_H
| # include <inttypes.h>
| #endif
| #ifdef HAVE_STDINT_H
| # include <stdint.h>
| #endif
| #ifdef HAVE_UNISTD_H
| # include <unistd.h>
| #endif
| int
| main ()
| {
| if (sizeof ((size_t)))
| 	    return 0;
|   ;
|   return 0;
| }
configure:13055: result: yes
configure:13066: checking return type of signal handlers
configure:13084: gcc -c -g -O2 -m64  conftest.c >&5
conftest.c: In function 'main':
conftest.c:34:1: error: void value not ignored as it ought to be
 return *(signal (0, 0)) (0) == 1;
 ^
configure:13084: $? = 1
configure: failed program was:
| /* confdefs.h */
| #define PACKAGE_NAME "tpm-tools"
| #define PACKAGE_TARNAME "tpm-tools"
| #define PACKAGE_VERSION "1.3.9"
| #define PACKAGE_STRING "tpm-tools 1.3.9"
| #define PACKAGE_BUGREPORT "trousers-tech@lists.sf.net"
| #define PACKAGE_URL ""
| #define PACKAGE "tpm-tools"
| #define VERSION "1.3.9"
| #define STDC_HEADERS 1
| #define HAVE_SYS_TYPES_H 1
| #define HAVE_SYS_STAT_H 1
| #define HAVE_STDLIB_H 1
| #define HAVE_STRING_H 1
| #define HAVE_MEMORY_H 1
| #define HAVE_STRINGS_H 1
| #define HAVE_INTTYPES_H 1
| #define HAVE_STDINT_H 1
| #define HAVE_UNISTD_H 1
| #define HAVE_DLFCN_H 1
| #define LT_OBJDIR ".libs/"
| #define ENABLE_NLS 1
| #define HAVE_GETTEXT 1
| #define HAVE_DCGETTEXT 1
| #define STDC_HEADERS 1
| #define HAVE_LONG_FILE_NAMES 1
| /* end confdefs.h.  */
| #include <sys/types.h>
| #include <signal.h>
| 
| int
| main ()
| {
| return *(signal (0, 0)) (0) == 1;
|   ;
|   return 0;
| }
configure:13091: result: void
configure:13099: checking for uid_t in sys/types.h
configure:13118: result: yes
configure:13242: checking that generated files are newer than configure
configure:13248: result: done
configure:13283: creating ./config.status

## ---------------------- ##
## Running config.status. ##
## ---------------------- ##

This file was extended by tpm-tools config.status 1.3.9, which was
generated by GNU Autoconf 2.69.  Invocation command line was

  CONFIG_FILES    = 
  CONFIG_HEADERS  = 
  CONFIG_LINKS    = 
  CONFIG_COMMANDS = 
  $ ./config.status 

on jl-localdomain

config.status:1119: creating Makefile
config.status:1119: creating po/Makefile.in
config.status:1119: creating m4/Makefile
config.status:1119: creating include/Makefile
config.status:1119: creating lib/Makefile
config.status:1119: creating src/Makefile
config.status:1119: creating src/tpm_mgmt/Makefile
config.status:1119: creating src/cmds/Makefile
config.status:1119: creating src/data_mgmt/Makefile
config.status:1119: creating dist/tpm-tools.spec
config.status:1119: creating man/Makefile
config.status:1119: creating man/man1/Makefile
config.status:1119: creating man/man3/Makefile
config.status:1119: creating man/man8/Makefile
config.status:1119: creating config.h
config.status:1300: config.h is unchanged
config.status:1348: executing depfiles commands
config.status:1348: executing libtool commands
config.status:1348: executing po-directories commands

## ---------------- ##
## Cache variables. ##
## ---------------- ##

ac_cv_build=x86_64-unknown-linux-gnu
ac_cv_c_compiler_gnu=yes
ac_cv_c_const=yes
ac_cv_c_inline=inline
ac_cv_env_CC_set=
ac_cv_env_CC_value=
ac_cv_env_CFLAGS_set=
ac_cv_env_CFLAGS_value=
ac_cv_env_CPPFLAGS_set=
ac_cv_env_CPPFLAGS_value=
ac_cv_env_CPP_set=
ac_cv_env_CPP_value=
ac_cv_env_LDFLAGS_set=
ac_cv_env_LDFLAGS_value=
ac_cv_env_LIBS_set=
ac_cv_env_LIBS_value=
ac_cv_env_build_alias_set=
ac_cv_env_build_alias_value=
ac_cv_env_host_alias_set=
ac_cv_env_host_alias_value=
ac_cv_env_target_alias_set=
ac_cv_env_target_alias_value=
ac_cv_header_dlfcn_h=yes
ac_cv_header_inttypes_h=yes
ac_cv_header_memory_h=yes
ac_cv_header_opencryptoki_pkcs11_h=yes
ac_cv_header_openssl_evp_h=yes
ac_cv_header_stdc=yes
ac_cv_header_stdint_h=yes
ac_cv_header_stdlib_h=yes
ac_cv_header_string_h=yes
ac_cv_header_strings_h=yes
ac_cv_header_sys_stat_h=yes
ac_cv_header_sys_types_h=yes
ac_cv_header_trousers_tss_h=yes
ac_cv_header_unistd_h=yes
ac_cv_host=x86_64-unknown-linux-gnu
ac_cv_lib_crypto_PEM_read_X509=yes
ac_cv_lib_tspi_Tspi_Context_Create=yes
ac_cv_lib_tspi_Tspi_TCM_SetOperatorAuth=yes
ac_cv_objext=o
ac_cv_path_EGREP='/usr/bin/grep -E'
ac_cv_path_FGREP='/usr/bin/grep -F'
ac_cv_path_GMSGFMT=/usr/bin/msgfmt
ac_cv_path_GREP=/usr/bin/grep
ac_cv_path_MSGFMT=/usr/bin/msgfmt
ac_cv_path_MSGMERGE=/usr/bin/msgmerge
ac_cv_path_SED=/usr/bin/sed
ac_cv_path_XGETTEXT=/usr/bin/xgettext
ac_cv_path_install='/usr/bin/install -c'
ac_cv_path_mkdir=/usr/bin/mkdir
ac_cv_prog_AWK=gawk
ac_cv_prog_COPY=cp
ac_cv_prog_CPP='gcc -E'
ac_cv_prog_ECHO=echo
ac_cv_prog_MKDIR=mkdir
ac_cv_prog_RM='rm -f'
ac_cv_prog_ac_ct_AR=ar
ac_cv_prog_ac_ct_CC=gcc
ac_cv_prog_ac_ct_OBJDUMP=objdump
ac_cv_prog_ac_ct_RANLIB=ranlib
ac_cv_prog_ac_ct_STRIP=strip
ac_cv_prog_cc_c89=
ac_cv_prog_cc_g=yes
ac_cv_prog_make_make_set=yes
ac_cv_sys_long_file_names=yes
ac_cv_target=x86_64-unknown-linux-gnu
ac_cv_type_mode_t=yes
ac_cv_type_off_t=yes
ac_cv_type_pid_t=yes
ac_cv_type_signal=void
ac_cv_type_size_t=yes
ac_cv_type_uid_t=yes
acl_cv_hardcode_direct=no
acl_cv_hardcode_libdir_flag_spec='${wl}-rpath ${wl}$libdir'
acl_cv_hardcode_libdir_separator=
acl_cv_hardcode_minus_L=no
acl_cv_libext=a
acl_cv_path_LD='/usr/bin/ld -m elf_x86_64'
acl_cv_prog_gnu_ld=yes
acl_cv_rpath=done
acl_cv_shlibext=so
acl_cv_wl=-Wl,
am_cv_CC_dependencies_compiler_type=gcc3
am_cv_make_support_nested_variables=yes
gt_cv_func_CFLocaleCopyCurrent=no
gt_cv_func_CFPreferencesCopyAppValue=no
gt_cv_func_gnugettext1_libc=yes
lt_cv_deplibs_check_method=pass_all
lt_cv_file_magic_cmd='$MAGIC_CMD'
lt_cv_file_magic_test_file=
lt_cv_ld_reload_flag=-r
lt_cv_nm_interface='BSD nm'
lt_cv_objdir=.libs
lt_cv_path_LD=/usr/bin/ld
lt_cv_path_NM='/usr/bin/nm -B'
lt_cv_prog_compiler_c_o=yes
lt_cv_prog_compiler_pic_works=yes
lt_cv_prog_compiler_rtti_exceptions=no
lt_cv_prog_compiler_static_works=yes
lt_cv_prog_gnu_ld=yes
lt_cv_sys_global_symbol_pipe='sed -n -e '\''s/^.*[	 ]\([ABCDGIRSTW][ABCDGIRSTW]*\)[	 ][	 ]*\([_A-Za-z][_A-Za-z0-9]*\)$/\1 \2 \2/p'\'''
lt_cv_sys_global_symbol_to_c_name_address='sed -n -e '\''s/^: \([^ ]*\) $/  {\"\1\", (void *) 0},/p'\'' -e '\''s/^[ABCDGIRSTW]* \([^ ]*\) \([^ ]*\)$/  {"\2", (void *) \&\2},/p'\'''
lt_cv_sys_global_symbol_to_c_name_address_lib_prefix='sed -n -e '\''s/^: \([^ ]*\) $/  {\"\1\", (void *) 0},/p'\'' -e '\''s/^[ABCDGIRSTW]* \([^ ]*\) \(lib[^ ]*\)$/  {"\2", (void *) \&\2},/p'\'' -e '\''s/^[ABCDGIRSTW]* \([^ ]*\) \([^ ]*\)$/  {"lib\2", (void *) \&\2},/p'\'''
lt_cv_sys_global_symbol_to_cdecl='sed -n -e '\''s/^T .* \(.*\)$/extern int \1();/p'\'' -e '\''s/^[ABCDGIRSTW]* .* \(.*\)$/extern char \1;/p'\'''
lt_cv_sys_max_cmd_len=1572864

## ----------------- ##
## Output variables. ##
## ----------------- ##

ACLOCAL='aclocal-1.13'
AMDEPBACKSLASH='\'
AMDEP_FALSE='#'
AMDEP_TRUE=''
AMTAR='$${TAR-tar}'
AM_BACKSLASH='\'
AM_DEFAULT_V='$(AM_DEFAULT_VERBOSITY)'
AM_DEFAULT_VERBOSITY='1'
AM_V='$(V)'
AR='ar'
AUTOCONF='autoconf'
AUTOHEADER='autoheader'
AUTOMAKE='automake-1.13'
AWK='gawk'
CC='gcc'
CCDEPMODE='depmode=gcc3'
CFLAGS='-g -O2 -m64 -Wall -Wreturn-type -Wsign-compare'
COPY='cp'
CPP='gcc -E'
CPPFLAGS=''
CYGPATH_W='echo'
DEFS='-DHAVE_CONFIG_H'
DEPDIR='.deps'
DSYMUTIL=''
DUMPBIN=''
ECHO='echo'
ECHO_C=''
ECHO_N='-n'
ECHO_T=''
EGREP='/usr/bin/grep -E'
EXEEXT=''
FGREP='/usr/bin/grep -F'
GMSGFMT='/usr/bin/msgfmt'
GMSGFMT_015='/usr/bin/msgfmt'
GREP='/usr/bin/grep'
INSTALL_DATA='${INSTALL} -m 644'
INSTALL_PROGRAM='${INSTALL}'
INSTALL_SCRIPT='${INSTALL}'
INSTALL_STRIP_PROGRAM='$(install_sh) -c -s'
INTLLIBS=''
INTL_MACOSX_LIBS=''
LD='/usr/bin/ld -m elf_x86_64'
LDFLAGS=''
LIBICONV='-liconv'
LIBINTL=''
LIBOBJS=''
LIBS=''
LIBTOOL='$(SHELL) $(top_builddir)/libtool'
LIPO=''
LN_S='ln -s'
LTLIBICONV='-liconv'
LTLIBINTL=''
LTLIBOBJS=''
MAKEINFO='makeinfo'
MKDIR='mkdir'
MKDIR_P='/usr/bin/mkdir -p'
MSGFMT='/usr/bin/msgfmt'
MSGFMT_015='/usr/bin/msgfmt'
MSGMERGE='/usr/bin/msgmerge'
NM='/usr/bin/nm -B'
NMEDIT=''
OBJDUMP='objdump'
OBJEXT='o'
OPENSSL_LIB_DIR=''
OTOOL64=''
OTOOL=''
P11_SUPPORT_FALSE='#'
P11_SUPPORT_TRUE=''
PACKAGE='tpm-tools'
PACKAGE_BUGREPORT='trousers-tech@lists.sf.net'
PACKAGE_NAME='tpm-tools'
PACKAGE_STRING='tpm-tools 1.3.9'
PACKAGE_TARNAME='tpm-tools'
PACKAGE_URL=''
PACKAGE_VERSION='1.3.9'
PATH_SEPARATOR=':'
POSUB='po'
RANLIB='ranlib'
RM='rm -f'
SED='/usr/bin/sed'
SET_MAKE=''
SHELL='/bin/sh'
STRIP='strip'
TSM_LIB_IS_12_FALSE='#'
TSM_LIB_IS_12_TRUE=''
USE_NLS='yes'
VERSION='1.3.9'
XGETTEXT='/usr/bin/xgettext'
XGETTEXT_015='/usr/bin/xgettext'
ac_ct_CC='gcc'
ac_ct_DUMPBIN=''
am__EXEEXT_FALSE=''
am__EXEEXT_TRUE='#'
am__fastdepCC_FALSE='#'
am__fastdepCC_TRUE=''
am__include='include'
am__isrc=''
am__leading_dot='.'
am__nodep='_no'
am__quote=''
am__tar='$${TAR-tar} chof - "$$tardir"'
am__untar='$${TAR-tar} xf -'
bindir='${exec_prefix}/bin'
build='x86_64-unknown-linux-gnu'
build_alias=''
build_cpu='x86_64'
build_os='linux-gnu'
build_vendor='unknown'
datadir='${datarootdir}'
datarootdir='${prefix}/share'
docdir='${datarootdir}/doc/${PACKAGE_TARNAME}'
dvidir='${docdir}'
exec_prefix='${prefix}'
host='x86_64-unknown-linux-gnu'
host_alias=''
host_cpu='x86_64'
host_os='linux-gnu'
host_vendor='unknown'
htmldir='${docdir}'
includedir='${prefix}/include'
infodir='${datarootdir}/info'
install_sh='${SHELL} /home/jl/rpmbuild/BUILD/tpm-tools-1.3.9/install-sh'
libdir='${exec_prefix}/lib'
libexecdir='${exec_prefix}/libexec'
localedir='${datarootdir}/locale'
localstatedir='${prefix}/var'
lt_ECHO='echo'
mandir='${datarootdir}/man'
mkdir_p='/usr/bin/mkdir -p'
oldincludedir='/usr/include'
pdfdir='${docdir}'
prefix='/usr/local'
program_transform_name='s,x,x,'
psdir='${docdir}'
sbindir='${exec_prefix}/sbin'
sharedstatedir='${prefix}/com'
sysconfdir='${prefix}/etc'
target='x86_64-unknown-linux-gnu'
target_alias=''
target_cpu='x86_64'
target_os='linux-gnu'
target_vendor='unknown'

## ----------- ##
## confdefs.h. ##
## ----------- ##

/* confdefs.h */
#define PACKAGE_NAME "tpm-tools"
#define PACKAGE_TARNAME "tpm-tools"
#define PACKAGE_VERSION "1.3.9"
#define PACKAGE_STRING "tpm-tools 1.3.9"
#define PACKAGE_BUGREPORT "trousers-tech@lists.sf.net"
#define PACKAGE_URL ""
#define PACKAGE "tpm-tools"
#define VERSION "1.3.9"
#define STDC_HEADERS 1
#define HAVE_SYS_TYPES_H 1
#define HAVE_SYS_STAT_H 1
#define HAVE_STDLIB_H 1
#define HAVE_STRING_H 1
#define HAVE_MEMORY_H 1
#define HAVE_STRINGS_H 1
#define HAVE_INTTYPES_H 1
#define HAVE_STDINT_H 1
#define HAVE_UNISTD_H 1
#define HAVE_DLFCN_H 1
#define LT_OBJDIR ".libs/"
#define ENABLE_NLS 1
#define HAVE_GETTEXT 1
#define HAVE_DCGETTEXT 1
#define STDC_HEADERS 1
#define HAVE_LONG_FILE_NAMES 1
#define RETSIGTYPE void

configure: exit 0

## ---------------------- ##
## Running config.status. ##
## ---------------------- ##

This file was extended by tpm-tools config.status 1.3.9, which was
generated by GNU Autoconf 2.69.  Invocation command line was

  CONFIG_FILES    = 
  CONFIG_HEADERS  = 
  CONFIG_LINKS    = 
  CONFIG_COMMANDS = 
  $ ./config.status include/Makefile

on jl-localdomain

config.status:1119: creating include/Makefile

## ---------------------- ##
## Running config.status. ##
## ---------------------- ##

This file was extended by tpm-tools config.status 1.3.9, which was
generated by GNU Autoconf 2.69.  Invocation command line was

  CONFIG_FILES    = 
  CONFIG_HEADERS  = 
  CONFIG_LINKS    = 
  CONFIG_COMMANDS = 
  $ ./config.status man/man3/Makefile

on jl-localdomain

config.status:1119: creating man/man3/Makefile
